<?xml version="1.0" encoding="UTF-8"?>
<testsuite xmlns:xsi="http://www.w3.org/2001/XMLSchema-instance" xsi:noNamespaceSchemaLocation="https://maven.apache.org/surefire/maven-surefire-plugin/xsd/surefire-test-report.xsd" name="blog.excelk.net.ExcelkBlogApplicationTests" time="2.252" tests="1" errors="0" skipped="0" failures="0">
  <properties>
    <property name="sun.desktop" value="windows"/>
    <property name="awt.toolkit" value="sun.awt.windows.WToolkit"/>
    <property name="file.encoding.pkg" value="sun.io"/>
    <property name="java.specification.version" value="1.8"/>
    <property name="sun.cpu.isalist" value="amd64"/>
    <property name="sun.jnu.encoding" value="MS949"/>
    <property name="java.class.path" value="C:\Users\hwk09\OneDrive\바탕 화면\blog\EXCELK_BLOG\target\test-classes;C:\Users\hwk09\OneDrive\바탕 화면\blog\EXCELK_BLOG\target\classes;C:\Users\hwk09\.m2\repository\org\springframework\boot\spring-boot-starter-mustache\2.2.0.RELEASE\spring-boot-starter-mustache-2.2.0.RELEASE.jar;C:\Users\hwk09\.m2\repository\org\springframework\boot\spring-boot-starter\2.2.0.RELEASE\spring-boot-starter-2.2.0.RELEASE.jar;C:\Users\hwk09\.m2\repository\org\springframework\boot\spring-boot-starter-logging\2.2.0.RELEASE\spring-boot-starter-logging-2.2.0.RELEASE.jar;C:\Users\hwk09\.m2\repository\ch\qos\logback\logback-classic\1.2.3\logback-classic-1.2.3.jar;C:\Users\hwk09\.m2\repository\ch\qos\logback\logback-core\1.2.3\logback-core-1.2.3.jar;C:\Users\hwk09\.m2\repository\org\apache\logging\log4j\log4j-to-slf4j\2.12.1\log4j-to-slf4j-2.12.1.jar;C:\Users\hwk09\.m2\repository\org\apache\logging\log4j\log4j-api\2.12.1\log4j-api-2.12.1.jar;C:\Users\hwk09\.m2\repository\org\slf4j\jul-to-slf4j\1.7.28\jul-to-slf4j-1.7.28.jar;C:\Users\hwk09\.m2\repository\jakarta\annotation\jakarta.annotation-api\1.3.5\jakarta.annotation-api-1.3.5.jar;C:\Users\hwk09\.m2\repository\org\yaml\snakeyaml\1.25\snakeyaml-1.25.jar;C:\Users\hwk09\.m2\repository\com\samskivert\jmustache\1.15\jmustache-1.15.jar;C:\Users\hwk09\.m2\repository\org\springframework\boot\spring-boot-starter-web\2.2.0.RELEASE\spring-boot-starter-web-2.2.0.RELEASE.jar;C:\Users\hwk09\.m2\repository\org\springframework\boot\spring-boot-starter-json\2.2.0.RELEASE\spring-boot-starter-json-2.2.0.RELEASE.jar;C:\Users\hwk09\.m2\repository\com\fasterxml\jackson\core\jackson-databind\2.10.0\jackson-databind-2.10.0.jar;C:\Users\hwk09\.m2\repository\com\fasterxml\jackson\core\jackson-annotations\2.10.0\jackson-annotations-2.10.0.jar;C:\Users\hwk09\.m2\repository\com\fasterxml\jackson\core\jackson-core\2.10.0\jackson-core-2.10.0.jar;C:\Users\hwk09\.m2\repository\com\fasterxml\jackson\datatype\jackson-datatype-jdk8\2.10.0\jackson-datatype-jdk8-2.10.0.jar;C:\Users\hwk09\.m2\repository\com\fasterxml\jackson\datatype\jackson-datatype-jsr310\2.10.0\jackson-datatype-jsr310-2.10.0.jar;C:\Users\hwk09\.m2\repository\com\fasterxml\jackson\module\jackson-module-parameter-names\2.10.0\jackson-module-parameter-names-2.10.0.jar;C:\Users\hwk09\.m2\repository\org\springframework\boot\spring-boot-starter-tomcat\2.2.0.RELEASE\spring-boot-starter-tomcat-2.2.0.RELEASE.jar;C:\Users\hwk09\.m2\repository\org\apache\tomcat\embed\tomcat-embed-core\9.0.27\tomcat-embed-core-9.0.27.jar;C:\Users\hwk09\.m2\repository\org\apache\tomcat\embed\tomcat-embed-el\9.0.27\tomcat-embed-el-9.0.27.jar;C:\Users\hwk09\.m2\repository\org\apache\tomcat\embed\tomcat-embed-websocket\9.0.27\tomcat-embed-websocket-9.0.27.jar;C:\Users\hwk09\.m2\repository\org\springframework\boot\spring-boot-starter-validation\2.2.0.RELEASE\spring-boot-starter-validation-2.2.0.RELEASE.jar;C:\Users\hwk09\.m2\repository\jakarta\validation\jakarta.validation-api\2.0.1\jakarta.validation-api-2.0.1.jar;C:\Users\hwk09\.m2\repository\org\hibernate\validator\hibernate-validator\6.0.17.Final\hibernate-validator-6.0.17.Final.jar;C:\Users\hwk09\.m2\repository\org\jboss\logging\jboss-logging\3.4.1.Final\jboss-logging-3.4.1.Final.jar;C:\Users\hwk09\.m2\repository\com\fasterxml\classmate\1.5.0\classmate-1.5.0.jar;C:\Users\hwk09\.m2\repository\org\springframework\spring-web\5.2.0.RELEASE\spring-web-5.2.0.RELEASE.jar;C:\Users\hwk09\.m2\repository\org\springframework\spring-beans\5.2.0.RELEASE\spring-beans-5.2.0.RELEASE.jar;C:\Users\hwk09\.m2\repository\org\springframework\spring-webmvc\5.2.0.RELEASE\spring-webmvc-5.2.0.RELEASE.jar;C:\Users\hwk09\.m2\repository\org\springframework\spring-aop\5.2.0.RELEASE\spring-aop-5.2.0.RELEASE.jar;C:\Users\hwk09\.m2\repository\org\springframework\spring-context\5.2.0.RELEASE\spring-context-5.2.0.RELEASE.jar;C:\Users\hwk09\.m2\repository\org\springframework\spring-expression\5.2.0.RELEASE\spring-expression-5.2.0.RELEASE.jar;C:\Users\hwk09\.m2\repository\org\springframework\boot\spring-boot-devtools\2.2.0.RELEASE\spring-boot-devtools-2.2.0.RELEASE.jar;C:\Users\hwk09\.m2\repository\org\springframework\boot\spring-boot\2.2.0.RELEASE\spring-boot-2.2.0.RELEASE.jar;C:\Users\hwk09\.m2\repository\org\springframework\boot\spring-boot-autoconfigure\2.2.0.RELEASE\spring-boot-autoconfigure-2.2.0.RELEASE.jar;C:\Users\hwk09\.m2\repository\mysql\mysql-connector-java\8.0.18\mysql-connector-java-8.0.18.jar;C:\Users\hwk09\.m2\repository\org\springframework\boot\spring-boot-starter-test\2.2.0.RELEASE\spring-boot-starter-test-2.2.0.RELEASE.jar;C:\Users\hwk09\.m2\repository\org\springframework\boot\spring-boot-test\2.2.0.RELEASE\spring-boot-test-2.2.0.RELEASE.jar;C:\Users\hwk09\.m2\repository\org\springframework\boot\spring-boot-test-autoconfigure\2.2.0.RELEASE\spring-boot-test-autoconfigure-2.2.0.RELEASE.jar;C:\Users\hwk09\.m2\repository\com\jayway\jsonpath\json-path\2.4.0\json-path-2.4.0.jar;C:\Users\hwk09\.m2\repository\net\minidev\json-smart\2.3\json-smart-2.3.jar;C:\Users\hwk09\.m2\repository\net\minidev\accessors-smart\1.2\accessors-smart-1.2.jar;C:\Users\hwk09\.m2\repository\org\ow2\asm\asm\5.0.4\asm-5.0.4.jar;C:\Users\hwk09\.m2\repository\org\slf4j\slf4j-api\1.7.28\slf4j-api-1.7.28.jar;C:\Users\hwk09\.m2\repository\jakarta\xml\bind\jakarta.xml.bind-api\2.3.2\jakarta.xml.bind-api-2.3.2.jar;C:\Users\hwk09\.m2\repository\jakarta\activation\jakarta.activation-api\1.2.1\jakarta.activation-api-1.2.1.jar;C:\Users\hwk09\.m2\repository\org\junit\jupiter\junit-jupiter\5.5.2\junit-jupiter-5.5.2.jar;C:\Users\hwk09\.m2\repository\org\junit\jupiter\junit-jupiter-api\5.5.2\junit-jupiter-api-5.5.2.jar;C:\Users\hwk09\.m2\repository\org\apiguardian\apiguardian-api\1.1.0\apiguardian-api-1.1.0.jar;C:\Users\hwk09\.m2\repository\org\opentest4j\opentest4j\1.2.0\opentest4j-1.2.0.jar;C:\Users\hwk09\.m2\repository\org\junit\platform\junit-platform-commons\1.5.2\junit-platform-commons-1.5.2.jar;C:\Users\hwk09\.m2\repository\org\junit\jupiter\junit-jupiter-params\5.5.2\junit-jupiter-params-5.5.2.jar;C:\Users\hwk09\.m2\repository\org\junit\jupiter\junit-jupiter-engine\5.5.2\junit-jupiter-engine-5.5.2.jar;C:\Users\hwk09\.m2\repository\org\junit\platform\junit-platform-engine\1.5.2\junit-platform-engine-1.5.2.jar;C:\Users\hwk09\.m2\repository\org\mockito\mockito-junit-jupiter\3.1.0\mockito-junit-jupiter-3.1.0.jar;C:\Users\hwk09\.m2\repository\org\assertj\assertj-core\3.13.2\assertj-core-3.13.2.jar;C:\Users\hwk09\.m2\repository\org\hamcrest\hamcrest\2.1\hamcrest-2.1.jar;C:\Users\hwk09\.m2\repository\org\mockito\mockito-core\3.1.0\mockito-core-3.1.0.jar;C:\Users\hwk09\.m2\repository\net\bytebuddy\byte-buddy\1.10.1\byte-buddy-1.10.1.jar;C:\Users\hwk09\.m2\repository\net\bytebuddy\byte-buddy-agent\1.10.1\byte-buddy-agent-1.10.1.jar;C:\Users\hwk09\.m2\repository\org\objenesis\objenesis\2.6\objenesis-2.6.jar;C:\Users\hwk09\.m2\repository\org\skyscreamer\jsonassert\1.5.0\jsonassert-1.5.0.jar;C:\Users\hwk09\.m2\repository\com\vaadin\external\google\android-json\0.0.20131108.vaadin1\android-json-0.0.20131108.vaadin1.jar;C:\Users\hwk09\.m2\repository\org\springframework\spring-core\5.2.0.RELEASE\spring-core-5.2.0.RELEASE.jar;C:\Users\hwk09\.m2\repository\org\springframework\spring-jcl\5.2.0.RELEASE\spring-jcl-5.2.0.RELEASE.jar;C:\Users\hwk09\.m2\repository\org\springframework\spring-test\5.2.0.RELEASE\spring-test-5.2.0.RELEASE.jar;C:\Users\hwk09\.m2\repository\org\xmlunit\xmlunit-core\2.6.3\xmlunit-core-2.6.3.jar;C:\Users\hwk09\.m2\repository\org\webjars\bower\bootstrap\4.3.1\bootstrap-4.3.1.jar;C:\Users\hwk09\.m2\repository\org\webjars\bower\jquery\3.4.1\jquery-3.4.1.jar;C:\Users\hwk09\.m2\repository\org\webjars\bower\popper.js\1.16.0\popper.js-1.16.0.jar;C:\Users\hwk09\.m2\repository\org\webjars\bower\mustache\2.3.2\mustache-2.3.2.jar;"/>
    <property name="java.vm.vendor" value="Oracle Corporation"/>
    <property name="sun.arch.data.model" value="64"/>
    <property name="user.variant" value=""/>
    <property name="java.vendor.url" value="http://java.oracle.com/"/>
    <property name="user.timezone" value="Asia/Seoul"/>
    <property name="java.vm.specification.version" value="1.8"/>
    <property name="os.name" value="Windows 10"/>
    <property name="user.country" value="KR"/>
    <property name="sun.java.launcher" value="SUN_STANDARD"/>
    <property name="sun.boot.library.path" value="C:\Program Files\Java\jdk1.8.0_231\jre\bin"/>
    <property name="sun.java.command" value="C:\Users\hwk09\AppData\Local\Temp\surefire3185493739269719532\surefirebooter4831279789234172568.jar C:\Users\hwk09\AppData\Local\Temp\surefire3185493739269719532 2019-11-02T21-46-54_289-jvmRun1 surefire2725885855605317844tmp surefire_03358380012646832622tmp"/>
    <property name="surefire.test.class.path" value="C:\Users\hwk09\OneDrive\바탕 화면\blog\EXCELK_BLOG\target\test-classes;C:\Users\hwk09\OneDrive\바탕 화면\blog\EXCELK_BLOG\target\classes;C:\Users\hwk09\.m2\repository\org\springframework\boot\spring-boot-starter-mustache\2.2.0.RELEASE\spring-boot-starter-mustache-2.2.0.RELEASE.jar;C:\Users\hwk09\.m2\repository\org\springframework\boot\spring-boot-starter\2.2.0.RELEASE\spring-boot-starter-2.2.0.RELEASE.jar;C:\Users\hwk09\.m2\repository\org\springframework\boot\spring-boot-starter-logging\2.2.0.RELEASE\spring-boot-starter-logging-2.2.0.RELEASE.jar;C:\Users\hwk09\.m2\repository\ch\qos\logback\logback-classic\1.2.3\logback-classic-1.2.3.jar;C:\Users\hwk09\.m2\repository\ch\qos\logback\logback-core\1.2.3\logback-core-1.2.3.jar;C:\Users\hwk09\.m2\repository\org\apache\logging\log4j\log4j-to-slf4j\2.12.1\log4j-to-slf4j-2.12.1.jar;C:\Users\hwk09\.m2\repository\org\apache\logging\log4j\log4j-api\2.12.1\log4j-api-2.12.1.jar;C:\Users\hwk09\.m2\repository\org\slf4j\jul-to-slf4j\1.7.28\jul-to-slf4j-1.7.28.jar;C:\Users\hwk09\.m2\repository\jakarta\annotation\jakarta.annotation-api\1.3.5\jakarta.annotation-api-1.3.5.jar;C:\Users\hwk09\.m2\repository\org\yaml\snakeyaml\1.25\snakeyaml-1.25.jar;C:\Users\hwk09\.m2\repository\com\samskivert\jmustache\1.15\jmustache-1.15.jar;C:\Users\hwk09\.m2\repository\org\springframework\boot\spring-boot-starter-web\2.2.0.RELEASE\spring-boot-starter-web-2.2.0.RELEASE.jar;C:\Users\hwk09\.m2\repository\org\springframework\boot\spring-boot-starter-json\2.2.0.RELEASE\spring-boot-starter-json-2.2.0.RELEASE.jar;C:\Users\hwk09\.m2\repository\com\fasterxml\jackson\core\jackson-databind\2.10.0\jackson-databind-2.10.0.jar;C:\Users\hwk09\.m2\repository\com\fasterxml\jackson\core\jackson-annotations\2.10.0\jackson-annotations-2.10.0.jar;C:\Users\hwk09\.m2\repository\com\fasterxml\jackson\core\jackson-core\2.10.0\jackson-core-2.10.0.jar;C:\Users\hwk09\.m2\repository\com\fasterxml\jackson\datatype\jackson-datatype-jdk8\2.10.0\jackson-datatype-jdk8-2.10.0.jar;C:\Users\hwk09\.m2\repository\com\fasterxml\jackson\datatype\jackson-datatype-jsr310\2.10.0\jackson-datatype-jsr310-2.10.0.jar;C:\Users\hwk09\.m2\repository\com\fasterxml\jackson\module\jackson-module-parameter-names\2.10.0\jackson-module-parameter-names-2.10.0.jar;C:\Users\hwk09\.m2\repository\org\springframework\boot\spring-boot-starter-tomcat\2.2.0.RELEASE\spring-boot-starter-tomcat-2.2.0.RELEASE.jar;C:\Users\hwk09\.m2\repository\org\apache\tomcat\embed\tomcat-embed-core\9.0.27\tomcat-embed-core-9.0.27.jar;C:\Users\hwk09\.m2\repository\org\apache\tomcat\embed\tomcat-embed-el\9.0.27\tomcat-embed-el-9.0.27.jar;C:\Users\hwk09\.m2\repository\org\apache\tomcat\embed\tomcat-embed-websocket\9.0.27\tomcat-embed-websocket-9.0.27.jar;C:\Users\hwk09\.m2\repository\org\springframework\boot\spring-boot-starter-validation\2.2.0.RELEASE\spring-boot-starter-validation-2.2.0.RELEASE.jar;C:\Users\hwk09\.m2\repository\jakarta\validation\jakarta.validation-api\2.0.1\jakarta.validation-api-2.0.1.jar;C:\Users\hwk09\.m2\repository\org\hibernate\validator\hibernate-validator\6.0.17.Final\hibernate-validator-6.0.17.Final.jar;C:\Users\hwk09\.m2\repository\org\jboss\logging\jboss-logging\3.4.1.Final\jboss-logging-3.4.1.Final.jar;C:\Users\hwk09\.m2\repository\com\fasterxml\classmate\1.5.0\classmate-1.5.0.jar;C:\Users\hwk09\.m2\repository\org\springframework\spring-web\5.2.0.RELEASE\spring-web-5.2.0.RELEASE.jar;C:\Users\hwk09\.m2\repository\org\springframework\spring-beans\5.2.0.RELEASE\spring-beans-5.2.0.RELEASE.jar;C:\Users\hwk09\.m2\repository\org\springframework\spring-webmvc\5.2.0.RELEASE\spring-webmvc-5.2.0.RELEASE.jar;C:\Users\hwk09\.m2\repository\org\springframework\spring-aop\5.2.0.RELEASE\spring-aop-5.2.0.RELEASE.jar;C:\Users\hwk09\.m2\repository\org\springframework\spring-context\5.2.0.RELEASE\spring-context-5.2.0.RELEASE.jar;C:\Users\hwk09\.m2\repository\org\springframework\spring-expression\5.2.0.RELEASE\spring-expression-5.2.0.RELEASE.jar;C:\Users\hwk09\.m2\repository\org\springframework\boot\spring-boot-devtools\2.2.0.RELEASE\spring-boot-devtools-2.2.0.RELEASE.jar;C:\Users\hwk09\.m2\repository\org\springframework\boot\spring-boot\2.2.0.RELEASE\spring-boot-2.2.0.RELEASE.jar;C:\Users\hwk09\.m2\repository\org\springframework\boot\spring-boot-autoconfigure\2.2.0.RELEASE\spring-boot-autoconfigure-2.2.0.RELEASE.jar;C:\Users\hwk09\.m2\repository\mysql\mysql-connector-java\8.0.18\mysql-connector-java-8.0.18.jar;C:\Users\hwk09\.m2\repository\org\springframework\boot\spring-boot-starter-test\2.2.0.RELEASE\spring-boot-starter-test-2.2.0.RELEASE.jar;C:\Users\hwk09\.m2\repository\org\springframework\boot\spring-boot-test\2.2.0.RELEASE\spring-boot-test-2.2.0.RELEASE.jar;C:\Users\hwk09\.m2\repository\org\springframework\boot\spring-boot-test-autoconfigure\2.2.0.RELEASE\spring-boot-test-autoconfigure-2.2.0.RELEASE.jar;C:\Users\hwk09\.m2\repository\com\jayway\jsonpath\json-path\2.4.0\json-path-2.4.0.jar;C:\Users\hwk09\.m2\repository\net\minidev\json-smart\2.3\json-smart-2.3.jar;C:\Users\hwk09\.m2\repository\net\minidev\accessors-smart\1.2\accessors-smart-1.2.jar;C:\Users\hwk09\.m2\repository\org\ow2\asm\asm\5.0.4\asm-5.0.4.jar;C:\Users\hwk09\.m2\repository\org\slf4j\slf4j-api\1.7.28\slf4j-api-1.7.28.jar;C:\Users\hwk09\.m2\repository\jakarta\xml\bind\jakarta.xml.bind-api\2.3.2\jakarta.xml.bind-api-2.3.2.jar;C:\Users\hwk09\.m2\repository\jakarta\activation\jakarta.activation-api\1.2.1\jakarta.activation-api-1.2.1.jar;C:\Users\hwk09\.m2\repository\org\junit\jupiter\junit-jupiter\5.5.2\junit-jupiter-5.5.2.jar;C:\Users\hwk09\.m2\repository\org\junit\jupiter\junit-jupiter-api\5.5.2\junit-jupiter-api-5.5.2.jar;C:\Users\hwk09\.m2\repository\org\apiguardian\apiguardian-api\1.1.0\apiguardian-api-1.1.0.jar;C:\Users\hwk09\.m2\repository\org\opentest4j\opentest4j\1.2.0\opentest4j-1.2.0.jar;C:\Users\hwk09\.m2\repository\org\junit\platform\junit-platform-commons\1.5.2\junit-platform-commons-1.5.2.jar;C:\Users\hwk09\.m2\repository\org\junit\jupiter\junit-jupiter-params\5.5.2\junit-jupiter-params-5.5.2.jar;C:\Users\hwk09\.m2\repository\org\junit\jupiter\junit-jupiter-engine\5.5.2\junit-jupiter-engine-5.5.2.jar;C:\Users\hwk09\.m2\repository\org\junit\platform\junit-platform-engine\1.5.2\junit-platform-engine-1.5.2.jar;C:\Users\hwk09\.m2\repository\org\mockito\mockito-junit-jupiter\3.1.0\mockito-junit-jupiter-3.1.0.jar;C:\Users\hwk09\.m2\repository\org\assertj\assertj-core\3.13.2\assertj-core-3.13.2.jar;C:\Users\hwk09\.m2\repository\org\hamcrest\hamcrest\2.1\hamcrest-2.1.jar;C:\Users\hwk09\.m2\repository\org\mockito\mockito-core\3.1.0\mockito-core-3.1.0.jar;C:\Users\hwk09\.m2\repository\net\bytebuddy\byte-buddy\1.10.1\byte-buddy-1.10.1.jar;C:\Users\hwk09\.m2\repository\net\bytebuddy\byte-buddy-agent\1.10.1\byte-buddy-agent-1.10.1.jar;C:\Users\hwk09\.m2\repository\org\objenesis\objenesis\2.6\objenesis-2.6.jar;C:\Users\hwk09\.m2\repository\org\skyscreamer\jsonassert\1.5.0\jsonassert-1.5.0.jar;C:\Users\hwk09\.m2\repository\com\vaadin\external\google\android-json\0.0.20131108.vaadin1\android-json-0.0.20131108.vaadin1.jar;C:\Users\hwk09\.m2\repository\org\springframework\spring-core\5.2.0.RELEASE\spring-core-5.2.0.RELEASE.jar;C:\Users\hwk09\.m2\repository\org\springframework\spring-jcl\5.2.0.RELEASE\spring-jcl-5.2.0.RELEASE.jar;C:\Users\hwk09\.m2\repository\org\springframework\spring-test\5.2.0.RELEASE\spring-test-5.2.0.RELEASE.jar;C:\Users\hwk09\.m2\repository\org\xmlunit\xmlunit-core\2.6.3\xmlunit-core-2.6.3.jar;C:\Users\hwk09\.m2\repository\org\webjars\bower\bootstrap\4.3.1\bootstrap-4.3.1.jar;C:\Users\hwk09\.m2\repository\org\webjars\bower\jquery\3.4.1\jquery-3.4.1.jar;C:\Users\hwk09\.m2\repository\org\webjars\bower\popper.js\1.16.0\popper.js-1.16.0.jar;C:\Users\hwk09\.m2\repository\org\webjars\bower\mustache\2.3.2\mustache-2.3.2.jar;"/>
    <property name="sun.cpu.endian" value="little"/>
    <property name="user.home" value="C:\Users\hwk09"/>
    <property name="user.language" value="ko"/>
    <property name="java.specification.vendor" value="Oracle Corporation"/>
    <property name="java.home" value="C:\Program Files\Java\jdk1.8.0_231\jre"/>
    <property name="basedir" value="C:\Users\hwk09\OneDrive\바탕 화면\blog\EXCELK_BLOG"/>
    <property name="file.separator" value="\"/>
    <property name="line.separator" value="&#10;"/>
    <property name="java.vm.specification.vendor" value="Oracle Corporation"/>
    <property name="java.specification.name" value="Java Platform API Specification"/>
    <property name="java.awt.graphicsenv" value="sun.awt.Win32GraphicsEnvironment"/>
    <property name="surefire.real.class.path" value="C:\Users\hwk09\AppData\Local\Temp\surefire3185493739269719532\surefirebooter4831279789234172568.jar"/>
    <property name="sun.boot.class.path" value="C:\Program Files\Java\jdk1.8.0_231\jre\lib\resources.jar;C:\Program Files\Java\jdk1.8.0_231\jre\lib\rt.jar;C:\Program Files\Java\jdk1.8.0_231\jre\lib\sunrsasign.jar;C:\Program Files\Java\jdk1.8.0_231\jre\lib\jsse.jar;C:\Program Files\Java\jdk1.8.0_231\jre\lib\jce.jar;C:\Program Files\Java\jdk1.8.0_231\jre\lib\charsets.jar;C:\Program Files\Java\jdk1.8.0_231\jre\lib\jfr.jar;C:\Program Files\Java\jdk1.8.0_231\jre\classes"/>
    <property name="user.script" value=""/>
    <property name="sun.management.compiler" value="HotSpot 64-Bit Tiered Compilers"/>
    <property name="java.runtime.version" value="1.8.0_231-b11"/>
    <property name="user.name" value="hwk09"/>
    <property name="path.separator" value=";"/>
    <property name="os.version" value="10.0"/>
    <property name="java.endorsed.dirs" value="C:\Program Files\Java\jdk1.8.0_231\jre\lib\endorsed"/>
    <property name="java.runtime.name" value="Java(TM) SE Runtime Environment"/>
    <property name="file.encoding" value="MS949"/>
    <property name="java.vm.name" value="Java HotSpot(TM) 64-Bit Server VM"/>
    <property name="localRepository" value="C:\Users\hwk09\.m2\repository"/>
    <property name="java.vendor.url.bug" value="http://bugreport.sun.com/bugreport/"/>
    <property name="java.io.tmpdir" value="C:\Users\hwk09\AppData\Local\Temp\"/>
    <property name="java.version" value="1.8.0_231"/>
    <property name="user.dir" value="C:\Users\hwk09\OneDrive\바탕 화면\blog\EXCELK_BLOG"/>
    <property name="os.arch" value="amd64"/>
    <property name="java.vm.specification.name" value="Java Virtual Machine Specification"/>
    <property name="java.awt.printerjob" value="sun.awt.windows.WPrinterJob"/>
    <property name="sun.os.patch.level" value=""/>
    <property name="java.library.path" value="C:\Program Files\Java\jdk1.8.0_231\jre\bin;C:\Windows\Sun\Java\bin;C:\Windows\system32;C:\Windows;C:\Users\hwk09\bin;C:\Program Files\Git\mingw64\bin;C:\Program Files\Git\usr\local\bin;C:\Program Files\Git\usr\bin;C:\Program Files\Git\usr\bin;C:\Program Files\Git\mingw64\bin;C:\Program Files\Git\usr\bin;C:\Users\hwk09\bin;C:\Program Files (x86)\Common Files\Oracle\Java\javapath;C:\Windows\system32;C:\Windows;C:\Windows\System32\Wbem;C:\Windows\System32\WindowsPowerShell\v1.0;C:\Windows\System32\OpenSSH;C:\Program Files\Java\jdk1.8.0_231\bin;C:\Program Files\PuTTY;C:\Program Files\Git\cmd;C:\Users\hwk09\AppData\Local\Microsoft\WindowsApps;C:\Program Files\Bandizip;C:\Program Files\Git\usr\bin\vendor_perl;C:\Program Files\Git\usr\bin\core_perl;."/>
    <property name="java.vm.info" value="mixed mode"/>
    <property name="java.vendor" value="Oracle Corporation"/>
    <property name="java.vm.version" value="25.231-b11"/>
    <property name="java.ext.dirs" value="C:\Program Files\Java\jdk1.8.0_231\jre\lib\ext;C:\Windows\Sun\Java\lib\ext"/>
    <property name="sun.io.unicode.encoding" value="UnicodeLittle"/>
    <property name="java.class.version" value="52.0"/>
  </properties>
  <testcase name="contextLoads" classname="blog.excelk.net.ExcelkBlogApplicationTests" time="0.212"/>
</testsuite>